<?xml version="1.0"?>
<!DOCTYPE coverage SYSTEM "http://cobertura.sourceforge.net/xml/coverage-04.dtd">

<coverage line-rate="0.9452054794520548" branch-rate="0.8546511627906976" lines-covered="483" lines-valid="511" branches-covered="147" branches-valid="172" complexity="1.6136363636363635" version="2.0.3" timestamp="1472057660937">
	<sources>
		<source>D:/nadeem/gitrepos/dependent-tasks-executor/target/generated-sources/annotations</source>
		<source>D:/nadeem/gitrepos/dependent-tasks-executor/src/main/java</source>
		<source>--source</source>
	</sources>
	<packages>
		<package name="com.github.dexecutor.executor" line-rate="0.9459459459459459" branch-rate="0.8026315789473685" complexity="1.4583333333333333">
			<classes>
				<class name="com.github.dexecutor.executor.DefaultDependentTasksExecutor" filename="com/github/dexecutor/executor/DefaultDependentTasksExecutor.java" line-rate="1.0" branch-rate="0.9583333333333334" complexity="1.7333333333333334">
					<methods>
						<method name="&lt;clinit&gt;" signature="()V" line-rate="1.0" branch-rate="1.0">
							<lines>
								<line number="34" hits="1" branch="false"/>
								<line number="37" hits="2" branch="false"/>
							</lines>
						</method>
						<method name="&lt;init&gt;" signature="(Lcom/github/dexecutor/executor/DependentTasksExecutorConfig;)V" line-rate="1.0" branch-rate="1.0">
							<lines>
								<line number="42" hits="7" branch="false"/>
								<line number="43" hits="7" branch="false"/>
								<line number="45" hits="14" branch="false"/>
								<line number="46" hits="14" branch="false"/>
								<line number="56" hits="7" branch="false"/>
								<line number="57" hits="7" branch="false"/>
								<line number="58" hits="7" branch="false"/>
								<line number="59" hits="21" branch="false"/>
								<line number="60" hits="21" branch="false"/>
								<line number="61" hits="21" branch="false"/>
								<line number="62" hits="21" branch="false"/>
								<line number="63" hits="21" branch="false"/>
								<line number="64" hits="14" branch="false"/>
								<line number="65" hits="14" branch="false"/>
							</lines>
						</method>
						<method name="&lt;init&gt;" signature="(Ljava/util/concurrent/ExecutorService;Lcom/github/dexecutor/executor/TaskProvider;)V" line-rate="1.0" branch-rate="1.0">
							<lines>
								<line number="50" hits="7" branch="false"/>
								<line number="51" hits="7" branch="false"/>
								<line number="53" hits="14" branch="false"/>
								<line number="54" hits="14" branch="false"/>
							</lines>
						</method>
						<method name="access$000" signature="(Lcom/github/dexecutor/executor/DefaultDependentTasksExecutor;Lcom/github/dexecutor/executor/graph/Graph$Node;)Lcom/github/dexecutor/executor/TaskProvider$Task;" line-rate="1.0" branch-rate="1.0">
							<lines>
							</lines>
						</method>
						<method name="access$000" signature="(Lcom/github/dexecutor/executor/DefaultDependentTasksExecutor;Ljava/lang/Comparable;)Lcom/github/dexecutor/executor/TaskProvider$Task;" line-rate="1.0" branch-rate="1.0">
							<lines>
							</lines>
						</method>
						<method name="access$100" signature="()Lorg/slf4j/Logger;" line-rate="1.0" branch-rate="1.0">
							<lines>
								<line number="32" hits="75" branch="false"/>
								<line number="35" hits="138" branch="false"/>
							</lines>
						</method>
						<method name="addAsDependencyToAllInitialNodes" signature="(Ljava/lang/Comparable;)V" line-rate="1.0" branch-rate="1.0">
							<lines>
								<line number="89" hits="2" branch="true" condition-coverage="100% (2/2)">
									<conditions>
										<condition number="0" type="jump" coverage="100%"/>
									</conditions>
								</line>
								<line number="90" hits="1" branch="false"/>
								<line number="92" hits="5" branch="true" condition-coverage="100% (2/2)">
									<conditions>
										<condition number="0" type="jump" coverage="100%"/>
									</conditions>
								</line>
								<line number="93" hits="3" branch="false"/>
								<line number="94" hits="1" branch="false"/>
								<line number="95" hits="2" branch="true" condition-coverage="100% (2/2)">
									<conditions>
										<condition number="0" type="jump" coverage="100%"/>
									</conditions>
								</line>
								<line number="96" hits="4" branch="false"/>
								<line number="97" hits="2" branch="false"/>
							</lines>
						</method>
						<method name="addAsDependentOnAllLeafNodes" signature="(Ljava/lang/Comparable;)V" line-rate="1.0" branch-rate="1.0">
							<lines>
								<line number="78" hits="68" branch="true" condition-coverage="100% (2/2)">
									<conditions>
										<condition number="0" type="jump" coverage="100%"/>
									</conditions>
								</line>
								<line number="79" hits="1" branch="false"/>
								<line number="81" hits="5" branch="true" condition-coverage="100% (2/2)">
									<conditions>
										<condition number="0" type="jump" coverage="100%"/>
									</conditions>
								</line>
								<line number="82" hits="3" branch="false"/>
								<line number="83" hits="1" branch="false"/>
								<line number="84" hits="2" branch="true" condition-coverage="100% (2/2)">
									<conditions>
										<condition number="0" type="jump" coverage="100%"/>
									</conditions>
								</line>
								<line number="85" hits="4" branch="false"/>
								<line number="86" hits="2" branch="false"/>
								<line number="88" hits="4" branch="false"/>
							</lines>
						</method>
						<method name="addDependency" signature="(Ljava/lang/Comparable;Ljava/lang/Comparable;)V" line-rate="1.0" branch-rate="1.0">
							<lines>
								<line number="74" hits="41" branch="false"/>
								<line number="75" hits="33" branch="false"/>
								<line number="77" hits="66" branch="false"/>
							</lines>
						</method>
						<method name="addIndependent" signature="(Ljava/lang/Comparable;)V" line-rate="1.0" branch-rate="1.0">
							<lines>
								<line number="70" hits="6" branch="false"/>
								<line number="71" hits="4" branch="false"/>
								<line number="73" hits="8" branch="false"/>
							</lines>
						</method>
						<method name="allIncomingNodesProcessed" signature="(Lcom/github/dexecutor/executor/graph/Graph$Node;)Z" line-rate="1.0" branch-rate="1.0">
							<lines>
								<line number="148" hits="75" branch="true" condition-coverage="100% (6/6)">
									<conditions>
										<condition number="0" type="jump" coverage="100%"/>
										<condition number="1" type="jump" coverage="100%"/>
										<condition number="2" type="jump" coverage="100%"/>
									</conditions>
								</line>
								<line number="149" hits="24" branch="false"/>
								<line number="151" hits="1" branch="false"/>
								<line number="152" hits="50" branch="true" condition-coverage="100% (4/4)">
									<conditions>
										<condition number="0" type="jump" coverage="100%"/>
										<condition number="1" type="jump" coverage="100%"/>
									</conditions>
								</line>
								<line number="153" hits="48" branch="false"/>
							</lines>
						</method>
						<method name="areAlreadyProcessed" signature="(Ljava/util/Set;)Z" line-rate="1.0" branch-rate="1.0">
							<lines>
								<line number="103" hits="17" branch="false"/>
								<line number="106" hits="34" branch="false"/>
							</lines>
						</method>
						<method name="doExecute" signature="(Ljava/util/Collection;Ljava/util/concurrent/CompletionService;Lcom/github/dexecutor/executor/DependentTasksExecutor$ExecutionBehavior;)V" line-rate="1.0" branch-rate="1.0">
							<lines>
								<line number="132" hits="33" branch="true" condition-coverage="100% (2/2)">
									<conditions>
										<condition number="0" type="jump" coverage="100%"/>
									</conditions>
								</line>
								<line number="133" hits="25" branch="true" condition-coverage="100% (2/2)">
									<conditions>
										<condition number="0" type="jump" coverage="100%"/>
									</conditions>
								</line>
								<line number="134" hits="24" branch="false"/>
								<line number="135" hits="74" branch="true" condition-coverage="100% (2/2)">
									<conditions>
										<condition number="0" type="jump" coverage="100%"/>
									</conditions>
								</line>
								<line number="136" hits="74" branch="true" condition-coverage="100% (2/2)">
									<conditions>
										<condition number="0" type="jump" coverage="100%"/>
									</conditions>
								</line>
								<line number="137" hits="48" branch="false"/>
								<line number="138" hits="49" branch="false"/>
								<line number="139" hits="48" branch="false"/>
								<line number="140" hits="25" branch="false"/>
								<line number="141" hits="25" branch="false"/>
								<line number="142" hits="2" branch="false"/>
								<line number="145" hits="50" branch="false"/>
							</lines>
						</method>
						<method name="doProcessNodes" signature="(Lcom/github/dexecutor/executor/DependentTasksExecutor$ExecutionBehavior;Ljava/util/Set;Ljava/util/concurrent/CompletionService;)V" line-rate="1.0" branch-rate="1.0">
							<lines>
								<line number="123" hits="12" branch="false"/>
								<line number="124" hits="4" branch="false"/>
								<line number="125" hits="4" branch="false"/>
								<line number="126" hits="8" branch="false"/>
								<line number="127" hits="8" branch="false"/>
							</lines>
						</method>
						<method name="doWaitForExecution" signature="(Ljava/util/concurrent/CompletionService;Lcom/github/dexecutor/executor/DependentTasksExecutor$ExecutionBehavior;)V" line-rate="1.0" branch-rate="1.0">
							<lines>
								<line number="155" hits="6" branch="false"/>
								<line number="156" hits="28" branch="true" condition-coverage="100% (2/2)">
									<conditions>
										<condition number="0" type="jump" coverage="100%"/>
									</conditions>
								</line>
								<line number="158" hits="24" branch="false"/>
								<line number="159" hits="32" branch="false"/>
								<line number="160" hits="80" branch="true" condition-coverage="100% (2/2)">
									<conditions>
										<condition number="0" type="jump" coverage="100%"/>
									</conditions>
								</line>
								<line number="161" hits="21" branch="false"/>
								<line number="162" hits="69" branch="false"/>
								<line number="163" hits="48" branch="false"/>
								<line number="164" hits="63" branch="false"/>
								<line number="165" hits="45" branch="false"/>
								<line number="166" hits="45" branch="false"/>
								<line number="167" hits="3" branch="false"/>
								<line number="168" hits="66" branch="false"/>
								<line number="169" hits="6" branch="false"/>
								<line number="170" hits="10" branch="false"/>
								<line number="171" hits="6" branch="false"/>
								<line number="172" hits="48" branch="false"/>
							</lines>
						</method>
						<method name="execute" signature="(Lcom/github/dexecutor/executor/DependentTasksExecutor$ExecutionBehavior;)V" line-rate="1.0" branch-rate="1.0">
							<lines>
								<line number="107" hits="4" branch="false"/>
								<line number="109" hits="4" branch="false"/>
								<line number="110" hits="12" branch="false"/>
								<line number="112" hits="12" branch="false"/>
								<line number="113" hits="8" branch="false"/>
								<line number="114" hits="4" branch="false"/>
								<line number="115" hits="8" branch="false"/>
								<line number="116" hits="4" branch="false"/>
								<line number="117" hits="8" branch="false"/>
								<line number="118" hits="4" branch="false"/>
								<line number="119" hits="12" branch="false"/>
								<line number="120" hits="4" branch="false"/>
								<line number="121" hits="8" branch="false"/>
								<line number="122" hits="8" branch="false"/>
							</lines>
						</method>
						<method name="isAlreadyProcessed" signature="(Lcom/github/dexecutor/executor/graph/Graph$Node;)Z" line-rate="1.0" branch-rate="1.0">
							<lines>
								<line number="99" hits="29" branch="false"/>
								<line number="102" hits="50" branch="false"/>
							</lines>
						</method>
						<method name="newExecutorTask" signature="(Lcom/github/dexecutor/executor/graph/Graph$Node;)Lcom/github/dexecutor/executor/TaskProvider$Task;" line-rate="1.0" branch-rate="1.0">
							<lines>
								<line number="255" hits="48" branch="false"/>
							</lines>
						</method>
						<method name="newLoggingTask" signature="(Ljava/lang/Comparable;)Lcom/github/dexecutor/executor/TaskProvider$Task;" line-rate="1.0" branch-rate="1.0">
							<lines>
								<line number="249" hits="24" branch="false"/>
							</lines>
						</method>
						<method name="newWorker" signature="(Lcom/github/dexecutor/executor/graph/Graph$Node;Lcom/github/dexecutor/executor/DependentTasksExecutor$ExecutionBehavior;)Ljava/util/concurrent/Callable;" line-rate="1.0" branch-rate="1.0">
							<lines>
								<line number="173" hits="24" branch="true" condition-coverage="100% (2/2)">
									<conditions>
										<condition number="0" type="jump" coverage="100%"/>
									</conditions>
								</line>
								<line number="174" hits="10" branch="false"/>
								<line number="175" hits="22" branch="true" condition-coverage="100% (2/2)">
									<conditions>
										<condition number="0" type="jump" coverage="100%"/>
									</conditions>
								</line>
								<line number="176" hits="20" branch="false"/>
								<line number="177" hits="48" branch="true" condition-coverage="100% (2/2)">
									<conditions>
										<condition number="0" type="jump" coverage="100%"/>
									</conditions>
								</line>
								<line number="178" hits="6" branch="false"/>
								<line number="179" hits="44" branch="true" condition-coverage="100% (2/2)">
									<conditions>
										<condition number="0" type="jump" coverage="100%"/>
									</conditions>
								</line>
								<line number="180" hits="28" branch="false"/>
								<line number="182" hits="16" branch="false"/>
							</lines>
						</method>
						<method name="print" signature="(Ljava/io/Writer;)V" line-rate="1.0" branch-rate="1.0">
							<lines>
								<line number="66" hits="15" branch="false"/>
								<line number="67" hits="1" branch="false"/>
								<line number="69" hits="2" branch="false"/>
							</lines>
						</method>
						<method name="shouldProcess" signature="(Lcom/github/dexecutor/executor/graph/Graph$Node;)Z" line-rate="1.0" branch-rate="0.6666666666666666">
							<lines>
								<line number="144" hits="75" branch="true" condition-coverage="66% (4/6)">
									<conditions>
										<condition number="0" type="jump" coverage="50%"/>
										<condition number="1" type="jump" coverage="50%"/>
										<condition number="2" type="jump" coverage="100%"/>
									</conditions>
								</line>
							</lines>
						</method>
						<method name="shouldRetry" signature="(Ljava/lang/Comparable;)Z" line-rate="1.0" branch-rate="1.0">
							<lines>
								<line number="245" hits="20" branch="false"/>
								<line number="251" hits="28" branch="false"/>
							</lines>
						</method>
						<method name="validate" signature="()V" line-rate="1.0" branch-rate="1.0">
							<lines>
								<line number="128" hits="12" branch="false"/>
								<line number="129" hits="4" branch="false"/>
								<line number="131" hits="8" branch="false"/>
							</lines>
						</method>
					</methods>
					<lines>
						<line number="32" hits="75" branch="false"/>
						<line number="34" hits="1" branch="false"/>
						<line number="35" hits="138" branch="false"/>
						<line number="37" hits="2" branch="false"/>
						<line number="42" hits="7" branch="false"/>
						<line number="43" hits="7" branch="false"/>
						<line number="45" hits="14" branch="false"/>
						<line number="46" hits="14" branch="false"/>
						<line number="50" hits="7" branch="false"/>
						<line number="51" hits="7" branch="false"/>
						<line number="53" hits="14" branch="false"/>
						<line number="54" hits="14" branch="false"/>
						<line number="56" hits="7" branch="false"/>
						<line number="57" hits="7" branch="false"/>
						<line number="58" hits="7" branch="false"/>
						<line number="59" hits="21" branch="false"/>
						<line number="60" hits="21" branch="false"/>
						<line number="61" hits="21" branch="false"/>
						<line number="62" hits="21" branch="false"/>
						<line number="63" hits="21" branch="false"/>
						<line number="64" hits="14" branch="false"/>
						<line number="65" hits="14" branch="false"/>
						<line number="66" hits="15" branch="false"/>
						<line number="67" hits="1" branch="false"/>
						<line number="69" hits="2" branch="false"/>
						<line number="70" hits="6" branch="false"/>
						<line number="71" hits="4" branch="false"/>
						<line number="73" hits="8" branch="false"/>
						<line number="74" hits="41" branch="false"/>
						<line number="75" hits="33" branch="false"/>
						<line number="77" hits="66" branch="false"/>
						<line number="78" hits="68" branch="true" condition-coverage="100% (2/2)">
							<conditions>
								<condition number="0" type="jump" coverage="100%"/>
							</conditions>
						</line>
						<line number="79" hits="1" branch="false"/>
						<line number="81" hits="5" branch="true" condition-coverage="100% (2/2)">
							<conditions>
								<condition number="0" type="jump" coverage="100%"/>
							</conditions>
						</line>
						<line number="82" hits="3" branch="false"/>
						<line number="83" hits="1" branch="false"/>
						<line number="84" hits="2" branch="true" condition-coverage="100% (2/2)">
							<conditions>
								<condition number="0" type="jump" coverage="100%"/>
							</conditions>
						</line>
						<line number="85" hits="4" branch="false"/>
						<line number="86" hits="2" branch="false"/>
						<line number="88" hits="4" branch="false"/>
						<line number="89" hits="2" branch="true" condition-coverage="100% (2/2)">
							<conditions>
								<condition number="0" type="jump" coverage="100%"/>
							</conditions>
						</line>
						<line number="90" hits="1" branch="false"/>
						<line number="92" hits="5" branch="true" condition-coverage="100% (2/2)">
							<conditions>
								<condition number="0" type="jump" coverage="100%"/>
							</conditions>
						</line>
						<line number="93" hits="3" branch="false"/>
						<line number="94" hits="1" branch="false"/>
						<line number="95" hits="2" branch="true" condition-coverage="100% (2/2)">
							<conditions>
								<condition number="0" type="jump" coverage="100%"/>
							</conditions>
						</line>
						<line number="96" hits="4" branch="false"/>
						<line number="97" hits="2" branch="false"/>
						<line number="99" hits="29" branch="false"/>
						<line number="102" hits="50" branch="false"/>
						<line number="103" hits="17" branch="false"/>
						<line number="106" hits="34" branch="false"/>
						<line number="107" hits="4" branch="false"/>
						<line number="109" hits="4" branch="false"/>
						<line number="110" hits="12" branch="false"/>
						<line number="112" hits="12" branch="false"/>
						<line number="113" hits="8" branch="false"/>
						<line number="114" hits="4" branch="false"/>
						<line number="115" hits="8" branch="false"/>
						<line number="116" hits="4" branch="false"/>
						<line number="117" hits="8" branch="false"/>
						<line number="118" hits="4" branch="false"/>
						<line number="119" hits="12" branch="false"/>
						<line number="120" hits="4" branch="false"/>
						<line number="121" hits="8" branch="false"/>
						<line number="122" hits="8" branch="false"/>
						<line number="123" hits="12" branch="false"/>
						<line number="124" hits="4" branch="false"/>
						<line number="125" hits="4" branch="false"/>
						<line number="126" hits="8" branch="false"/>
						<line number="127" hits="8" branch="false"/>
						<line number="128" hits="12" branch="false"/>
						<line number="129" hits="4" branch="false"/>
						<line number="131" hits="8" branch="false"/>
						<line number="132" hits="33" branch="true" condition-coverage="100% (2/2)">
							<conditions>
								<condition number="0" type="jump" coverage="100%"/>
							</conditions>
						</line>
						<line number="133" hits="25" branch="true" condition-coverage="100% (2/2)">
							<conditions>
								<condition number="0" type="jump" coverage="100%"/>
							</conditions>
						</line>
						<line number="134" hits="24" branch="false"/>
						<line number="135" hits="74" branch="true" condition-coverage="100% (2/2)">
							<conditions>
								<condition number="0" type="jump" coverage="100%"/>
							</conditions>
						</line>
						<line number="136" hits="74" branch="true" condition-coverage="100% (2/2)">
							<conditions>
								<condition number="0" type="jump" coverage="100%"/>
							</conditions>
						</line>
						<line number="137" hits="48" branch="false"/>
						<line number="138" hits="49" branch="false"/>
						<line number="139" hits="48" branch="false"/>
						<line number="140" hits="25" branch="false"/>
						<line number="141" hits="25" branch="false"/>
						<line number="142" hits="2" branch="false"/>
						<line number="144" hits="75" branch="true" condition-coverage="66% (4/6)">
							<conditions>
								<condition number="0" type="jump" coverage="50%"/>
								<condition number="1" type="jump" coverage="50%"/>
								<condition number="2" type="jump" coverage="100%"/>
							</conditions>
						</line>
						<line number="145" hits="50" branch="false"/>
						<line number="148" hits="75" branch="true" condition-coverage="100% (6/6)">
							<conditions>
								<condition number="0" type="jump" coverage="100%"/>
								<condition number="1" type="jump" coverage="100%"/>
								<condition number="2" type="jump" coverage="100%"/>
							</conditions>
						</line>
						<line number="149" hits="24" branch="false"/>
						<line number="151" hits="1" branch="false"/>
						<line number="152" hits="50" branch="true" condition-coverage="100% (4/4)">
							<conditions>
								<condition number="0" type="jump" coverage="100%"/>
								<condition number="1" type="jump" coverage="100%"/>
							</conditions>
						</line>
						<line number="153" hits="48" branch="false"/>
						<line number="155" hits="6" branch="false"/>
						<line number="156" hits="28" branch="true" condition-coverage="100% (2/2)">
							<conditions>
								<condition number="0" type="jump" coverage="100%"/>
							</conditions>
						</line>
						<line number="158" hits="24" branch="false"/>
						<line number="159" hits="32" branch="false"/>
						<line number="160" hits="80" branch="true" condition-coverage="100% (2/2)">
							<conditions>
								<condition number="0" type="jump" coverage="100%"/>
							</conditions>
						</line>
						<line number="161" hits="21" branch="false"/>
						<line number="162" hits="69" branch="false"/>
						<line number="163" hits="48" branch="false"/>
						<line number="164" hits="63" branch="false"/>
						<line number="165" hits="45" branch="false"/>
						<line number="166" hits="45" branch="false"/>
						<line number="167" hits="3" branch="false"/>
						<line number="168" hits="66" branch="false"/>
						<line number="169" hits="6" branch="false"/>
						<line number="170" hits="10" branch="false"/>
						<line number="171" hits="6" branch="false"/>
						<line number="172" hits="48" branch="false"/>
						<line number="173" hits="24" branch="true" condition-coverage="100% (2/2)">
							<conditions>
								<condition number="0" type="jump" coverage="100%"/>
							</conditions>
						</line>
						<line number="174" hits="10" branch="false"/>
						<line number="175" hits="22" branch="true" condition-coverage="100% (2/2)">
							<conditions>
								<condition number="0" type="jump" coverage="100%"/>
							</conditions>
						</line>
						<line number="176" hits="20" branch="false"/>
						<line number="177" hits="48" branch="true" condition-coverage="100% (2/2)">
							<conditions>
								<condition number="0" type="jump" coverage="100%"/>
							</conditions>
						</line>
						<line number="178" hits="6" branch="false"/>
						<line number="179" hits="44" branch="true" condition-coverage="100% (2/2)">
							<conditions>
								<condition number="0" type="jump" coverage="100%"/>
							</conditions>
						</line>
						<line number="180" hits="28" branch="false"/>
						<line number="182" hits="16" branch="false"/>
						<line number="245" hits="20" branch="false"/>
						<line number="249" hits="24" branch="false"/>
						<line number="251" hits="28" branch="false"/>
						<line number="255" hits="48" branch="false"/>
					</lines>
				</class>
				<class name="com.github.dexecutor.executor.DefaultDependentTasksExecutor$ExecutorTask" filename="com/github/dexecutor/executor/DefaultDependentTasksExecutor.java" line-rate="0.8387096774193549" branch-rate="0.5" complexity="1.7333333333333334">
					<methods>
						<method name="&lt;init&gt;" signature="(Lcom/github/dexecutor/executor/DefaultDependentTasksExecutor;Lcom/github/dexecutor/executor/graph/Graph$Node;Lcom/github/dexecutor/executor/TaskProvider$Task;)V" line-rate="1.0" branch-rate="1.0">
							<lines>
								<line number="261" hits="48" branch="false"/>
								<line number="263" hits="48" branch="false"/>
								<line number="264" hits="48" branch="false"/>
								<line number="265" hits="48" branch="false"/>
								<line number="266" hits="48" branch="false"/>
							</lines>
						</method>
						<method name="execute" signature="()Ljava/lang/Object;" line-rate="0.8181818181818182" branch-rate="0.5">
							<lines>
								<line number="269" hits="48" branch="false"/>
								<line number="270" hits="48" branch="true" condition-coverage="50% (1/2)">
									<conditions>
										<condition number="0" type="jump" coverage="50%"/>
									</conditions>
								</line>
								<line number="271" hits="48" branch="false"/>
								<line number="272" hits="48" branch="false"/>
								<line number="273" hits="48" branch="false"/>
								<line number="274" hits="42" branch="false"/>
								<line number="275" hits="42" branch="false"/>
								<line number="276" hits="42" branch="false"/>
								<line number="278" hits="0" branch="false"/>
								<line number="279" hits="0" branch="false"/>
								<line number="281" hits="42" branch="false"/>
							</lines>
						</method>
						<method name="msg" signature="(I)Ljava/lang/String;" line-rate="1.0" branch-rate="0.5">
							<lines>
								<line number="311" hits="48" branch="true" condition-coverage="50% (1/2)">
									<conditions>
										<condition number="0" type="jump" coverage="50%"/>
									</conditions>
								</line>
							</lines>
						</method>
						<method name="parentResults" signature="()Lcom/github/dexecutor/executor/ExecutionResults;" line-rate="1.0" branch-rate="1.0">
							<lines>
								<line number="290" hits="48" branch="false"/>
								<line number="291" hits="48" branch="true" condition-coverage="100% (2/2)">
									<conditions>
										<condition number="0" type="jump" coverage="100%"/>
									</conditions>
								</line>
								<line number="292" hits="34" branch="false"/>
								<line number="293" hits="34" branch="false"/>
								<line number="294" hits="48" branch="false"/>
							</lines>
						</method>
						<method name="setConsiderExecutionError" signature="(Z)V" line-rate="1.0" branch-rate="1.0">
							<lines>
								<line number="316" hits="48" branch="false"/>
								<line number="317" hits="48" branch="false"/>
							</lines>
						</method>
						<method name="shouldExecute" signature="(Lcom/github/dexecutor/executor/ExecutionResults;)Z" line-rate="1.0" branch-rate="1.0">
							<lines>
								<line number="286" hits="48" branch="false"/>
							</lines>
						</method>
						<method name="status" signature="(Lcom/github/dexecutor/executor/graph/Graph$Node;)Lcom/github/dexecutor/executor/ExecutionStatus;" line-rate="0.4" branch-rate="0.25">
							<lines>
								<line number="298" hits="34" branch="true" condition-coverage="50% (1/2)">
									<conditions>
										<condition number="0" type="jump" coverage="50%"/>
									</conditions>
								</line>
								<line number="299" hits="34" branch="false"/>
								<line number="300" hits="0" branch="true" condition-coverage="0% (0/2)">
									<conditions>
										<condition number="0" type="jump" coverage="0%"/>
									</conditions>
								</line>
								<line number="301" hits="0" branch="false"/>
								<line number="303" hits="0" branch="false"/>
							</lines>
						</method>
						<method name="taskId" signature="()Ljava/lang/Comparable;" line-rate="1.0" branch-rate="1.0">
							<lines>
								<line number="307" hits="90" branch="false"/>
							</lines>
						</method>
					</methods>
					<lines>
						<line number="261" hits="48" branch="false"/>
						<line number="263" hits="48" branch="false"/>
						<line number="264" hits="48" branch="false"/>
						<line number="265" hits="48" branch="false"/>
						<line number="266" hits="48" branch="false"/>
						<line number="269" hits="48" branch="false"/>
						<line number="270" hits="48" branch="true" condition-coverage="50% (1/2)">
							<conditions>
								<condition number="0" type="jump" coverage="50%"/>
							</conditions>
						</line>
						<line number="271" hits="48" branch="false"/>
						<line number="272" hits="48" branch="false"/>
						<line number="273" hits="48" branch="false"/>
						<line number="274" hits="42" branch="false"/>
						<line number="275" hits="42" branch="false"/>
						<line number="276" hits="42" branch="false"/>
						<line number="278" hits="0" branch="false"/>
						<line number="279" hits="0" branch="false"/>
						<line number="281" hits="42" branch="false"/>
						<line number="286" hits="48" branch="false"/>
						<line number="290" hits="48" branch="false"/>
						<line number="291" hits="48" branch="true" condition-coverage="100% (2/2)">
							<conditions>
								<condition number="0" type="jump" coverage="100%"/>
							</conditions>
						</line>
						<line number="292" hits="34" branch="false"/>
						<line number="293" hits="34" branch="false"/>
						<line number="294" hits="48" branch="false"/>
						<line number="298" hits="34" branch="true" condition-coverage="50% (1/2)">
							<conditions>
								<condition number="0" type="jump" coverage="50%"/>
							</conditions>
						</line>
						<line number="299" hits="34" branch="false"/>
						<line number="300" hits="0" branch="true" condition-coverage="0% (0/2)">
							<conditions>
								<condition number="0" type="jump" coverage="0%"/>
							</conditions>
						</line>
						<line number="301" hits="0" branch="false"/>
						<line number="303" hits="0" branch="false"/>
						<line number="307" hits="90" branch="false"/>
						<line number="311" hits="48" branch="true" condition-coverage="50% (1/2)">
							<conditions>
								<condition number="0" type="jump" coverage="50%"/>
							</conditions>
						</line>
						<line number="316" hits="48" branch="false"/>
						<line number="317" hits="48" branch="false"/>
					</lines>
				</class>
				<class name="com.github.dexecutor.executor.DefaultDependentTasksExecutor$LoggingTask" filename="com/github/dexecutor/executor/DefaultDependentTasksExecutor.java" line-rate="1.0" branch-rate="1.0" complexity="1.7333333333333334">
					<methods>
						<method name="&lt;init&gt;" signature="(Lcom/github/dexecutor/executor/DefaultDependentTasksExecutor;Ljava/lang/Comparable;Lcom/github/dexecutor/executor/TaskProvider$Task;)V" line-rate="1.0" branch-rate="1.0">
							<lines>
								<line number="255" hits="24" branch="false"/>
								<line number="257" hits="24" branch="false"/>
								<line number="258" hits="24" branch="false"/>
								<line number="259" hits="24" branch="false"/>
								<line number="260" hits="24" branch="false"/>
							</lines>
						</method>
						<method name="execute" signature="()V" line-rate="1.0" branch-rate="1.0">
							<lines>
								<line number="263" hits="27" branch="false"/>
								<line number="264" hits="27" branch="false"/>
								<line number="265" hits="27" branch="false"/>
								<line number="266" hits="21" branch="false"/>
								<line number="267" hits="21" branch="false"/>
							</lines>
						</method>
						<method name="msg" signature="(I)Ljava/lang/String;" line-rate="1.0" branch-rate="1.0">
							<lines>
								<line number="270" hits="27" branch="true" condition-coverage="100% (2/2)">
									<conditions>
										<condition number="0" type="jump" coverage="100%"/>
									</conditions>
								</line>
							</lines>
						</method>
						<method name="setConsiderExecutionError" signature="(Z)V" line-rate="1.0" branch-rate="1.0">
							<lines>
								<line number="275" hits="27" branch="false"/>
								<line number="276" hits="27" branch="false"/>
							</lines>
						</method>
					</methods>
					<lines>
						<line number="255" hits="24" branch="false"/>
						<line number="257" hits="24" branch="false"/>
						<line number="258" hits="24" branch="false"/>
						<line number="259" hits="24" branch="false"/>
						<line number="260" hits="24" branch="false"/>
						<line number="263" hits="27" branch="false"/>
						<line number="264" hits="27" branch="false"/>
						<line number="265" hits="27" branch="false"/>
						<line number="266" hits="21" branch="false"/>
						<line number="267" hits="21" branch="false"/>
						<line number="270" hits="27" branch="true" condition-coverage="100% (2/2)">
							<conditions>
								<condition number="0" type="jump" coverage="100%"/>
							</conditions>
						</line>
						<line number="275" hits="27" branch="false"/>
						<line number="276" hits="27" branch="false"/>
					</lines>
				</class>
				<class name="com.github.dexecutor.executor.DefaultDependentTasksExecutor$NonTerminatingTask" filename="com/github/dexecutor/executor/DefaultDependentTasksExecutor.java" line-rate="0.7222222222222222" branch-rate="1.0" complexity="1.7333333333333334">
					<methods>
						<method name="&lt;init&gt;" signature="(Lcom/github/dexecutor/executor/DefaultDependentTasksExecutor;Lcom/github/dexecutor/executor/graph/Graph$Node;)V" line-rate="1.0" branch-rate="1.0">
							<lines>
								<line number="200" hits="2" branch="false"/>
								<line number="201" hits="2" branch="false"/>
								<line number="202" hits="6" branch="false"/>
								<line number="205" hits="4" branch="false"/>
							</lines>
						</method>
						<method name="call" signature="()Lcom/github/dexecutor/executor/graph/Graph$Node;" line-rate="0.6153846153846154" branch-rate="1.0">
							<lines>
								<line number="206" hits="6" branch="false"/>
								<line number="207" hits="6" branch="false"/>
								<line number="208" hits="2" branch="false"/>
								<line number="209" hits="0" branch="false"/>
								<line number="210" hits="0" branch="false"/>
								<line number="211" hits="6" branch="false"/>
								<line number="212" hits="6" branch="false"/>
								<line number="213" hits="4" branch="false"/>
								<line number="214" hits="0" branch="false"/>
								<line number="215" hits="0" branch="false"/>
								<line number="216" hits="0" branch="false"/>
								<line number="217" hits="4" branch="false"/>
								<line number="218" hits="4" branch="false"/>
							</lines>
						</method>
						<method name="call" signature="()Ljava/lang/Object;" line-rate="1.0" branch-rate="1.0">
							<lines>
								<line number="197" hits="2" branch="false"/>
							</lines>
						</method>
					</methods>
					<lines>
						<line number="197" hits="2" branch="false"/>
						<line number="200" hits="2" branch="false"/>
						<line number="201" hits="2" branch="false"/>
						<line number="202" hits="6" branch="false"/>
						<line number="205" hits="4" branch="false"/>
						<line number="206" hits="6" branch="false"/>
						<line number="207" hits="6" branch="false"/>
						<line number="208" hits="2" branch="false"/>
						<line number="209" hits="0" branch="false"/>
						<line number="210" hits="0" branch="false"/>
						<line number="211" hits="6" branch="false"/>
						<line number="212" hits="6" branch="false"/>
						<line number="213" hits="4" branch="false"/>
						<line number="214" hits="0" branch="false"/>
						<line number="215" hits="0" branch="false"/>
						<line number="216" hits="0" branch="false"/>
						<line number="217" hits="4" branch="false"/>
						<line number="218" hits="4" branch="false"/>
					</lines>
				</class>
				<class name="com.github.dexecutor.executor.DefaultDependentTasksExecutor$RetryOnceAndTerminateTask" filename="com/github/dexecutor/executor/DefaultDependentTasksExecutor.java" line-rate="0.84" branch-rate="0.3333333333333333" complexity="1.7333333333333334">
					<methods>
						<method name="&lt;init&gt;" signature="(Lcom/github/dexecutor/executor/DefaultDependentTasksExecutor;Lcom/github/dexecutor/executor/graph/Graph$Node;)V" line-rate="1.0" branch-rate="1.0">
							<lines>
								<line number="219" hits="20" branch="false"/>
								<line number="220" hits="20" branch="false"/>
								<line number="221" hits="20" branch="false"/>
								<line number="227" hits="28" branch="false"/>
							</lines>
						</method>
						<method name="call" signature="()Lcom/github/dexecutor/executor/graph/Graph$Node;" line-rate="0.8235294117647058" branch-rate="0.375">
							<lines>
								<line number="224" hits="20" branch="false"/>
								<line number="225" hits="48" branch="false"/>
								<line number="226" hits="48" branch="true" condition-coverage="50% (1/2)">
									<conditions>
										<condition number="0" type="jump" coverage="50%"/>
									</conditions>
								</line>
								<line number="228" hits="20" branch="false"/>
								<line number="229" hits="3" branch="false"/>
								<line number="230" hits="31" branch="false"/>
								<line number="231" hits="31" branch="true" condition-coverage="50% (1/2)">
									<conditions>
										<condition number="0" type="jump" coverage="50%"/>
									</conditions>
								</line>
								<line number="232" hits="31" branch="true" condition-coverage="50% (1/2)">
									<conditions>
										<condition number="0" type="jump" coverage="50%"/>
									</conditions>
								</line>
								<line number="233" hits="3" branch="false"/>
								<line number="234" hits="28" branch="false"/>
								<line number="235" hits="17" branch="false"/>
								<line number="236" hits="17" branch="false"/>
								<line number="237" hits="0" branch="true" condition-coverage="0% (0/2)">
									<conditions>
										<condition number="0" type="jump" coverage="0%"/>
									</conditions>
								</line>
								<line number="238" hits="0" branch="false"/>
								<line number="239" hits="0" branch="false"/>
								<line number="241" hits="28" branch="false"/>
								<line number="242" hits="28" branch="false"/>
							</lines>
						</method>
						<method name="call" signature="()Ljava/lang/Object;" line-rate="1.0" branch-rate="1.0">
							<lines>
								<line number="216" hits="20" branch="false"/>
								<line number="222" hits="28" branch="false"/>
							</lines>
						</method>
						<method name="getYesNo" signature="(Z)Ljava/lang/String;" line-rate="0.5" branch-rate="0.25">
							<lines>
								<line number="240" hits="3" branch="true" condition-coverage="50% (1/2)">
									<conditions>
										<condition number="0" type="jump" coverage="50%"/>
									</conditions>
								</line>
								<line number="246" hits="0" branch="true" condition-coverage="0% (0/2)">
									<conditions>
										<condition number="0" type="jump" coverage="0%"/>
									</conditions>
								</line>
							</lines>
						</method>
					</methods>
					<lines>
						<line number="216" hits="20" branch="false"/>
						<line number="219" hits="20" branch="false"/>
						<line number="220" hits="20" branch="false"/>
						<line number="221" hits="20" branch="false"/>
						<line number="222" hits="28" branch="false"/>
						<line number="224" hits="20" branch="false"/>
						<line number="225" hits="48" branch="false"/>
						<line number="226" hits="48" branch="true" condition-coverage="50% (1/2)">
							<conditions>
								<condition number="0" type="jump" coverage="50%"/>
							</conditions>
						</line>
						<line number="227" hits="28" branch="false"/>
						<line number="228" hits="20" branch="false"/>
						<line number="229" hits="3" branch="false"/>
						<line number="230" hits="31" branch="false"/>
						<line number="231" hits="31" branch="true" condition-coverage="50% (1/2)">
							<conditions>
								<condition number="0" type="jump" coverage="50%"/>
							</conditions>
						</line>
						<line number="232" hits="31" branch="true" condition-coverage="50% (1/2)">
							<conditions>
								<condition number="0" type="jump" coverage="50%"/>
							</conditions>
						</line>
						<line number="233" hits="3" branch="false"/>
						<line number="234" hits="28" branch="false"/>
						<line number="235" hits="17" branch="false"/>
						<line number="236" hits="17" branch="false"/>
						<line number="237" hits="0" branch="true" condition-coverage="0% (0/2)">
							<conditions>
								<condition number="0" type="jump" coverage="0%"/>
							</conditions>
						</line>
						<line number="238" hits="0" branch="false"/>
						<line number="239" hits="0" branch="false"/>
						<line number="240" hits="3" branch="true" condition-coverage="50% (1/2)">
							<conditions>
								<condition number="0" type="jump" coverage="50%"/>
							</conditions>
						</line>
						<line number="241" hits="28" branch="false"/>
						<line number="242" hits="28" branch="false"/>
						<line number="246" hits="0" branch="true" condition-coverage="0% (0/2)">
							<conditions>
								<condition number="0" type="jump" coverage="0%"/>
							</conditions>
						</line>
					</lines>
				</class>
				<class name="com.github.dexecutor.executor.DefaultDependentTasksExecutor$TerminatingTask" filename="com/github/dexecutor/executor/DefaultDependentTasksExecutor.java" line-rate="1.0" branch-rate="1.0" complexity="1.7333333333333334">
					<methods>
						<method name="&lt;init&gt;" signature="(Lcom/github/dexecutor/executor/DefaultDependentTasksExecutor;Lcom/github/dexecutor/executor/graph/Graph$Node;)V" line-rate="1.0" branch-rate="1.0">
							<lines>
								<line number="185" hits="2" branch="false"/>
								<line number="186" hits="18" branch="false"/>
								<line number="187" hits="2" branch="false"/>
								<line number="189" hits="16" branch="false"/>
							</lines>
						</method>
						<method name="call" signature="()Lcom/github/dexecutor/executor/graph/Graph$Node;" line-rate="1.0" branch-rate="1.0">
							<lines>
								<line number="190" hits="18" branch="false"/>
								<line number="191" hits="18" branch="false"/>
								<line number="192" hits="2" branch="false"/>
								<line number="193" hits="2" branch="false"/>
								<line number="194" hits="16" branch="false"/>
								<line number="195" hits="16" branch="false"/>
								<line number="196" hits="16" branch="false"/>
								<line number="197" hits="10" branch="false"/>
								<line number="198" hits="10" branch="false"/>
							</lines>
						</method>
						<method name="call" signature="()Ljava/lang/Object;" line-rate="1.0" branch-rate="1.0">
							<lines>
								<line number="182" hits="2" branch="false"/>
							</lines>
						</method>
					</methods>
					<lines>
						<line number="182" hits="2" branch="false"/>
						<line number="185" hits="2" branch="false"/>
						<line number="186" hits="18" branch="false"/>
						<line number="187" hits="2" branch="false"/>
						<line number="189" hits="16" branch="false"/>
						<line number="190" hits="18" branch="false"/>
						<line number="191" hits="18" branch="false"/>
						<line number="192" hits="2" branch="false"/>
						<line number="193" hits="2" branch="false"/>
						<line number="194" hits="16" branch="false"/>
						<line number="195" hits="16" branch="false"/>
						<line number="196" hits="16" branch="false"/>
						<line number="197" hits="10" branch="false"/>
						<line number="198" hits="10" branch="false"/>
					</lines>
				</class>
				<class name="com.github.dexecutor.executor.DependentTasksExecutor" filename="com/github/dexecutor/executor/DependentTasksExecutor.java" line-rate="1.0" branch-rate="1.0" complexity="1.0">
					<methods>
					</methods>
					<lines>
					</lines>
				</class>
				<class name="com.github.dexecutor.executor.DependentTasksExecutor$ExecutionBehavior" filename="com/github/dexecutor/executor/DependentTasksExecutor.java" line-rate="1.0" branch-rate="1.0" complexity="1.0">
					<methods>
						<method name="&lt;clinit&gt;" signature="()V" line-rate="1.0" branch-rate="1.0">
							<lines>
								<line number="71" hits="4" branch="false"/>
								<line number="72" hits="1" branch="false"/>
								<line number="74" hits="8" branch="false"/>
								<line number="75" hits="2" branch="false"/>
							</lines>
						</method>
						<method name="&lt;init&gt;" signature="(Ljava/lang/String;I)V" line-rate="1.0" branch-rate="1.0">
							<lines>
							</lines>
						</method>
						<method name="valueOf" signature="(Ljava/lang/String;)Lcom/github/dexecutor/executor/DependentTasksExecutor$ExecutionBehavior;" line-rate="1.0" branch-rate="1.0">
							<lines>
							</lines>
						</method>
						<method name="values" signature="()[Lcom/github/dexecutor/executor/DependentTasksExecutor$ExecutionBehavior;" line-rate="1.0" branch-rate="1.0">
							<lines>
							</lines>
						</method>
					</methods>
					<lines>
						<line number="71" hits="4" branch="false"/>
						<line number="72" hits="1" branch="false"/>
						<line number="74" hits="8" branch="false"/>
						<line number="75" hits="2" branch="false"/>
					</lines>
				</class>
				<class name="com.github.dexecutor.executor.DependentTasksExecutorConfig" filename="com/github/dexecutor/executor/DependentTasksExecutorConfig.java" line-rate="1.0" branch-rate="1.0" complexity="1.0">
					<methods>
						<method name="&lt;init&gt;" signature="(Ljava/util/concurrent/ExecutorService;Lcom/github/dexecutor/executor/TaskProvider;)V" line-rate="1.0" branch-rate="1.0">
							<lines>
								<line number="31" hits="9" branch="false"/>
								<line number="32" hits="18" branch="false"/>
								<line number="35" hits="9" branch="false"/>
								<line number="36" hits="18" branch="false"/>
								<line number="41" hits="9" branch="false"/>
								<line number="42" hits="27" branch="false"/>
								<line number="43" hits="27" branch="false"/>
								<line number="44" hits="27" branch="false"/>
								<line number="45" hits="18" branch="false"/>
							</lines>
						</method>
						<method name="getExecutorService" signature="()Ljava/util/concurrent/ExecutorService;" line-rate="1.0" branch-rate="1.0">
							<lines>
								<line number="54" hits="7" branch="false"/>
								<line number="55" hits="14" branch="false"/>
							</lines>
						</method>
						<method name="getTaskProvider" signature="()Lcom/github/dexecutor/executor/TaskProvider;" line-rate="1.0" branch-rate="1.0">
							<lines>
								<line number="58" hits="7" branch="false"/>
								<line number="59" hits="14" branch="false"/>
							</lines>
						</method>
						<method name="getTraversar" signature="()Lcom/github/dexecutor/executor/graph/Traversar;" line-rate="1.0" branch-rate="1.0">
							<lines>
								<line number="72" hits="7" branch="false"/>
								<line number="73" hits="14" branch="false"/>
							</lines>
						</method>
						<method name="getValidator" signature="()Lcom/github/dexecutor/executor/graph/Validator;" line-rate="1.0" branch-rate="1.0">
							<lines>
								<line number="62" hits="7" branch="false"/>
								<line number="63" hits="14" branch="false"/>
							</lines>
						</method>
						<method name="setTraversar" signature="(Lcom/github/dexecutor/executor/graph/Traversar;)V" line-rate="1.0" branch-rate="1.0">
							<lines>
								<line number="79" hits="1" branch="false"/>
								<line number="80" hits="3" branch="false"/>
								<line number="81" hits="2" branch="false"/>
							</lines>
						</method>
						<method name="setValidator" signature="(Lcom/github/dexecutor/executor/graph/Validator;)V" line-rate="1.0" branch-rate="1.0">
							<lines>
								<line number="69" hits="1" branch="false"/>
								<line number="70" hits="3" branch="false"/>
								<line number="71" hits="2" branch="false"/>
							</lines>
						</method>
						<method name="validate" signature="()V" line-rate="1.0" branch-rate="1.0">
							<lines>
								<line number="47" hits="9" branch="false"/>
								<line number="48" hits="27" branch="false"/>
								<line number="49" hits="27" branch="false"/>
								<line number="50" hits="26" branch="false"/>
								<line number="51" hits="23" branch="false"/>
								<line number="52" hits="14" branch="false"/>
							</lines>
						</method>
					</methods>
					<lines>
						<line number="31" hits="9" branch="false"/>
						<line number="32" hits="18" branch="false"/>
						<line number="35" hits="9" branch="false"/>
						<line number="36" hits="18" branch="false"/>
						<line number="41" hits="9" branch="false"/>
						<line number="42" hits="27" branch="false"/>
						<line number="43" hits="27" branch="false"/>
						<line number="44" hits="27" branch="false"/>
						<line number="45" hits="18" branch="false"/>
						<line number="47" hits="9" branch="false"/>
						<line number="48" hits="27" branch="false"/>
						<line number="49" hits="27" branch="false"/>
						<line number="50" hits="26" branch="false"/>
						<line number="51" hits="23" branch="false"/>
						<line number="52" hits="14" branch="false"/>
						<line number="54" hits="7" branch="false"/>
						<line number="55" hits="14" branch="false"/>
						<line number="58" hits="7" branch="false"/>
						<line number="59" hits="14" branch="false"/>
						<line number="62" hits="7" branch="false"/>
						<line number="63" hits="14" branch="false"/>
						<line number="69" hits="1" branch="false"/>
						<line number="70" hits="3" branch="false"/>
						<line number="71" hits="2" branch="false"/>
						<line number="72" hits="7" branch="false"/>
						<line number="73" hits="14" branch="false"/>
						<line number="79" hits="1" branch="false"/>
						<line number="80" hits="3" branch="false"/>
						<line number="81" hits="2" branch="false"/>
					</lines>
				</class>
				<class name="com.github.dexecutor.executor.ExecutionResult" filename="com/github/dexecutor/executor/ExecutionResult.java" line-rate="1.0" branch-rate="1.0" complexity="0.0">
					<methods>
						<method name="&lt;init&gt;" signature="(Ljava/lang/Object;Ljava/lang/Object;Lcom/github/dexecutor/executor/ExecutionStatus;)V" line-rate="1.0" branch-rate="1.0">
							<lines>
								<line number="16" hits="54" branch="false"/>
								<line number="17" hits="54" branch="false"/>
								<line number="18" hits="54" branch="false"/>
								<line number="19" hits="54" branch="false"/>
								<line number="20" hits="54" branch="false"/>
							</lines>
						</method>
						<method name="getId" signature="()Ljava/lang/Object;" line-rate="1.0" branch-rate="1.0">
							<lines>
								<line number="26" hits="2" branch="false"/>
							</lines>
						</method>
						<method name="getResult" signature="()Ljava/lang/Object;" line-rate="1.0" branch-rate="1.0">
							<lines>
								<line number="33" hits="2" branch="false"/>
							</lines>
						</method>
						<method name="isErrored" signature="()Z" line-rate="1.0" branch-rate="1.0">
							<lines>
								<line number="49" hits="2" branch="false"/>
							</lines>
						</method>
						<method name="isSkipped" signature="()Z" line-rate="1.0" branch-rate="1.0">
							<lines>
								<line number="57" hits="2" branch="false"/>
							</lines>
						</method>
						<method name="isSuccess" signature="()Z" line-rate="1.0" branch-rate="1.0">
							<lines>
								<line number="41" hits="2" branch="false"/>
							</lines>
						</method>
						<method name="toString" signature="()Ljava/lang/String;" line-rate="1.0" branch-rate="1.0">
							<lines>
								<line number="62" hits="4" branch="false"/>
							</lines>
						</method>
					</methods>
					<lines>
						<line number="16" hits="54" branch="false"/>
						<line number="17" hits="54" branch="false"/>
						<line number="18" hits="54" branch="false"/>
						<line number="19" hits="54" branch="false"/>
						<line number="20" hits="54" branch="false"/>
						<line number="26" hits="2" branch="false"/>
						<line number="33" hits="2" branch="false"/>
						<line number="41" hits="2" branch="false"/>
						<line number="49" hits="2" branch="false"/>
						<line number="57" hits="2" branch="false"/>
						<line number="62" hits="4" branch="false"/>
					</lines>
				</class>
				<class name="com.github.dexecutor.executor.ExecutionResults" filename="com/github/dexecutor/executor/ExecutionResults.java" line-rate="1.0" branch-rate="1.0" complexity="0.0">
					<methods>
						<method name="&lt;init&gt;" signature="()V" line-rate="1.0" branch-rate="1.0">
							<lines>
								<line number="13" hits="60" branch="false"/>
								<line number="15" hits="60" branch="false"/>
							</lines>
						</method>
						<method name="add" signature="(Lcom/github/dexecutor/executor/ExecutionResult;)V" line-rate="1.0" branch-rate="1.0">
							<lines>
								<line number="23" hits="42" branch="false"/>
								<line number="24" hits="42" branch="false"/>
							</lines>
						</method>
						<method name="getAll" signature="()Ljava/util/List;" line-rate="1.0" branch-rate="1.0">
							<lines>
								<line number="53" hits="2" branch="false"/>
							</lines>
						</method>
						<method name="getFirst" signature="()Lcom/github/dexecutor/executor/ExecutionResult;" line-rate="1.0" branch-rate="1.0">
							<lines>
								<line number="30" hits="4" branch="true" condition-coverage="100% (2/2)">
									<conditions>
										<condition number="0" type="jump" coverage="100%"/>
									</conditions>
								</line>
								<line number="31" hits="2" branch="false"/>
								<line number="33" hits="2" branch="false"/>
							</lines>
						</method>
						<method name="hasAnyParentResult" signature="()Z" line-rate="1.0" branch-rate="1.0">
							<lines>
								<line number="42" hits="4" branch="true" condition-coverage="100% (2/2)">
									<conditions>
										<condition number="0" type="jump" coverage="100%"/>
									</conditions>
								</line>
								<line number="43" hits="2" branch="false"/>
								<line number="45" hits="2" branch="false"/>
							</lines>
						</method>
						<method name="toString" signature="()Ljava/lang/String;" line-rate="1.0" branch-rate="1.0">
							<lines>
								<line number="58" hits="2" branch="false"/>
							</lines>
						</method>
					</methods>
					<lines>
						<line number="13" hits="60" branch="false"/>
						<line number="15" hits="60" branch="false"/>
						<line number="23" hits="42" branch="false"/>
						<line number="24" hits="42" branch="false"/>
						<line number="30" hits="4" branch="true" condition-coverage="100% (2/2)">
							<conditions>
								<condition number="0" type="jump" coverage="100%"/>
							</conditions>
						</line>
						<line number="31" hits="2" branch="false"/>
						<line number="33" hits="2" branch="false"/>
						<line number="42" hits="4" branch="true" condition-coverage="100% (2/2)">
							<conditions>
								<condition number="0" type="jump" coverage="100%"/>
							</conditions>
						</line>
						<line number="43" hits="2" branch="false"/>
						<line number="45" hits="2" branch="false"/>
						<line number="53" hits="2" branch="false"/>
						<line number="58" hits="2" branch="false"/>
					</lines>
				</class>
				<class name="com.github.dexecutor.executor.ExecutionStatus" filename="com/github/dexecutor/executor/ExecutionStatus.java" line-rate="1.0" branch-rate="1.0" complexity="0.0">
					<methods>
						<method name="&lt;clinit&gt;" signature="()V" line-rate="1.0" branch-rate="1.0">
							<lines>
								<line number="7" hits="8" branch="false"/>
								<line number="8" hits="2" branch="false"/>
							</lines>
						</method>
						<method name="&lt;init&gt;" signature="(Ljava/lang/String;I)V" line-rate="1.0" branch-rate="1.0">
							<lines>
							</lines>
						</method>
						<method name="valueOf" signature="(Ljava/lang/String;)Lcom/github/dexecutor/executor/ExecutionStatus;" line-rate="1.0" branch-rate="1.0">
							<lines>
							</lines>
						</method>
						<method name="values" signature="()[Lcom/github/dexecutor/executor/ExecutionStatus;" line-rate="1.0" branch-rate="1.0">
							<lines>
							</lines>
						</method>
					</methods>
					<lines>
						<line number="7" hits="8" branch="false"/>
						<line number="8" hits="2" branch="false"/>
					</lines>
				</class>
				<class name="com.github.dexecutor.executor.TaskExecutionException" filename="com/github/dexecutor/executor/TaskExecutionException.java" line-rate="0.5" branch-rate="1.0" complexity="0.0">
					<methods>
						<method name="&lt;init&gt;" signature="(Ljava/lang/String;)V" line-rate="1.0" branch-rate="1.0">
							<lines>
								<line number="17" hits="8" branch="false"/>
								<line number="18" hits="8" branch="false"/>
							</lines>
						</method>
						<method name="&lt;init&gt;" signature="(Ljava/lang/String;Ljava/lang/Throwable;)V" line-rate="0.0" branch-rate="1.0">
							<lines>
								<line number="26" hits="0" branch="false"/>
								<line number="27" hits="0" branch="false"/>
							</lines>
						</method>
					</methods>
					<lines>
						<line number="17" hits="8" branch="false"/>
						<line number="18" hits="8" branch="false"/>
						<line number="26" hits="0" branch="false"/>
						<line number="27" hits="0" branch="false"/>
					</lines>
				</class>
				<class name="com.github.dexecutor.executor.TaskProvider" filename="com/github/dexecutor/executor/TaskProvider.java" line-rate="1.0" branch-rate="1.0" complexity="1.0">
					<methods>
					</methods>
					<lines>
					</lines>
				</class>
				<class name="com.github.dexecutor.executor.TaskProvider$Task" filename="com/github/dexecutor/executor/TaskProvider.java" line-rate="1.0" branch-rate="1.0" complexity="1.0">
					<methods>
						<method name="&lt;init&gt;" signature="()V" line-rate="1.0" branch-rate="1.0">
							<lines>
								<line number="23" hits="48" branch="false"/>
								<line number="26" hits="96" branch="false"/>
								<line number="31" hits="48" branch="false"/>
								<line number="35" hits="96" branch="false"/>
							</lines>
						</method>
						<method name="setConsiderExecutionError" signature="(Z)V" line-rate="1.0" branch-rate="1.0">
							<lines>
								<line number="44" hits="27" branch="false"/>
								<line number="45" hits="27" branch="false"/>
								<line number="48" hits="48" branch="false"/>
								<line number="49" hits="48" branch="false"/>
							</lines>
						</method>
						<method name="shouldConsiderExecutionError" signature="()Z" line-rate="1.0" branch-rate="1.0">
							<lines>
								<line number="37" hits="27" branch="false"/>
								<line number="41" hits="48" branch="false"/>
							</lines>
						</method>
						<method name="shouldExecute" signature="(Lcom/github/dexecutor/executor/ExecutionResults;)Z" line-rate="1.0" branch-rate="1.0">
							<lines>
								<line number="59" hits="48" branch="false"/>
							</lines>
						</method>
					</methods>
					<lines>
						<line number="23" hits="48" branch="false"/>
						<line number="26" hits="96" branch="false"/>
						<line number="31" hits="48" branch="false"/>
						<line number="35" hits="96" branch="false"/>
						<line number="37" hits="27" branch="false"/>
						<line number="41" hits="48" branch="false"/>
						<line number="44" hits="27" branch="false"/>
						<line number="45" hits="27" branch="false"/>
						<line number="48" hits="48" branch="false"/>
						<line number="49" hits="48" branch="false"/>
						<line number="59" hits="48" branch="false"/>
					</lines>
				</class>
			</classes>
		</package>
		<package name="com.github.dexecutor.executor.graph" line-rate="0.9605911330049262" branch-rate="0.8936170212765957" complexity="1.8571428571428572">
			<classes>
				<class name="com.github.dexecutor.executor.graph.CyclicValidator" filename="com/github/dexecutor/executor/graph/CyclicValidator.java" line-rate="1.0" branch-rate="1.0" complexity="1.8333333333333333">
					<methods>
						<method name="&lt;init&gt;" signature="()V" line-rate="1.0" branch-rate="1.0">
							<lines>
								<line number="14" hits="11" branch="false"/>
								<line number="15" hits="22" branch="false"/>
								<line number="16" hits="11" branch="false"/>
								<line number="17" hits="33" branch="false"/>
								<line number="18" hits="22" branch="false"/>
							</lines>
						</method>
						<method name="detectCycle" signature="(Lcom/github/dexecutor/executor/graph/Graph$Node;)V" line-rate="1.0" branch-rate="1.0">
							<lines>
								<line number="30" hits="66" branch="false"/>
								<line number="31" hits="198" branch="false"/>
								<line number="32" hits="198" branch="false"/>
								<line number="33" hits="196" branch="false"/>
								<line number="34" hits="192" branch="false"/>
								<line number="35" hits="128" branch="false"/>
							</lines>
						</method>
						<method name="doDepthFirstTraversal" signature="(Lcom/github/dexecutor/executor/graph/Graph$Node;)V" line-rate="1.0" branch-rate="1.0">
							<lines>
								<line number="37" hits="66" branch="true" condition-coverage="100% (2/2)">
									<conditions>
										<condition number="0" type="jump" coverage="100%"/>
									</conditions>
								</line>
								<line number="38" hits="183" branch="true" condition-coverage="100% (2/2)">
									<conditions>
										<condition number="0" type="jump" coverage="100%"/>
									</conditions>
								</line>
								<line number="39" hits="131" branch="true" condition-coverage="100% (2/2)">
									<conditions>
										<condition number="0" type="jump" coverage="100%"/>
									</conditions>
								</line>
								<line number="40" hits="80" branch="true" condition-coverage="100% (2/2)">
									<conditions>
										<condition number="0" type="jump" coverage="100%"/>
									</conditions>
								</line>
								<line number="41" hits="45" branch="true" condition-coverage="100% (2/2)">
									<conditions>
										<condition number="0" type="jump" coverage="100%"/>
									</conditions>
								</line>
								<line number="42" hits="2" branch="false"/>
								<line number="43" hits="49" branch="false"/>
								<line number="44" hits="162" branch="false"/>
								<line number="45" hits="128" branch="false"/>
							</lines>
						</method>
						<method name="doProcess" signature="(Ljava/util/Collection;)V" line-rate="1.0" branch-rate="1.0">
							<lines>
								<line number="24" hits="6" branch="true" condition-coverage="100% (2/2)">
									<conditions>
										<condition number="0" type="jump" coverage="100%"/>
									</conditions>
								</line>
								<line number="25" hits="49" branch="true" condition-coverage="100% (2/2)">
									<conditions>
										<condition number="0" type="jump" coverage="100%"/>
									</conditions>
								</line>
								<line number="26" hits="110" branch="false"/>
								<line number="27" hits="77" branch="false"/>
								<line number="28" hits="10" branch="false"/>
							</lines>
						</method>
						<method name="isAlreadyProcessed" signature="(Lcom/github/dexecutor/executor/graph/Graph$Node;)Z" line-rate="1.0" branch-rate="1.0">
							<lines>
								<line number="47" hits="51" branch="false"/>
								<line number="48" hits="102" branch="false"/>
							</lines>
						</method>
						<method name="isOnStack" signature="(Lcom/github/dexecutor/executor/graph/Graph$Node;)Z" line-rate="1.0" branch-rate="1.0">
							<lines>
								<line number="51" hits="22" branch="false"/>
								<line number="52" hits="44" branch="false"/>
							</lines>
						</method>
						<method name="validate" signature="(Lcom/github/dexecutor/executor/graph/Graph;)V" line-rate="1.0" branch-rate="1.0">
							<lines>
								<line number="20" hits="6" branch="false"/>
								<line number="21" hits="17" branch="false"/>
								<line number="22" hits="10" branch="false"/>
							</lines>
						</method>
					</methods>
					<lines>
						<line number="14" hits="11" branch="false"/>
						<line number="15" hits="22" branch="false"/>
						<line number="16" hits="11" branch="false"/>
						<line number="17" hits="33" branch="false"/>
						<line number="18" hits="22" branch="false"/>
						<line number="20" hits="6" branch="false"/>
						<line number="21" hits="17" branch="false"/>
						<line number="22" hits="10" branch="false"/>
						<line number="24" hits="6" branch="true" condition-coverage="100% (2/2)">
							<conditions>
								<condition number="0" type="jump" coverage="100%"/>
							</conditions>
						</line>
						<line number="25" hits="49" branch="true" condition-coverage="100% (2/2)">
							<conditions>
								<condition number="0" type="jump" coverage="100%"/>
							</conditions>
						</line>
						<line number="26" hits="110" branch="false"/>
						<line number="27" hits="77" branch="false"/>
						<line number="28" hits="10" branch="false"/>
						<line number="30" hits="66" branch="false"/>
						<line number="31" hits="198" branch="false"/>
						<line number="32" hits="198" branch="false"/>
						<line number="33" hits="196" branch="false"/>
						<line number="34" hits="192" branch="false"/>
						<line number="35" hits="128" branch="false"/>
						<line number="37" hits="66" branch="true" condition-coverage="100% (2/2)">
							<conditions>
								<condition number="0" type="jump" coverage="100%"/>
							</conditions>
						</line>
						<line number="38" hits="183" branch="true" condition-coverage="100% (2/2)">
							<conditions>
								<condition number="0" type="jump" coverage="100%"/>
							</conditions>
						</line>
						<line number="39" hits="131" branch="true" condition-coverage="100% (2/2)">
							<conditions>
								<condition number="0" type="jump" coverage="100%"/>
							</conditions>
						</line>
						<line number="40" hits="80" branch="true" condition-coverage="100% (2/2)">
							<conditions>
								<condition number="0" type="jump" coverage="100%"/>
							</conditions>
						</line>
						<line number="41" hits="45" branch="true" condition-coverage="100% (2/2)">
							<conditions>
								<condition number="0" type="jump" coverage="100%"/>
							</conditions>
						</line>
						<line number="42" hits="2" branch="false"/>
						<line number="43" hits="49" branch="false"/>
						<line number="44" hits="162" branch="false"/>
						<line number="45" hits="128" branch="false"/>
						<line number="47" hits="51" branch="false"/>
						<line number="48" hits="102" branch="false"/>
						<line number="51" hits="22" branch="false"/>
						<line number="52" hits="44" branch="false"/>
					</lines>
				</class>
				<class name="com.github.dexecutor.executor.graph.DefaultGraph" filename="com/github/dexecutor/executor/graph/DefaultGraph.java" line-rate="1.0" branch-rate="1.0" complexity="1.75">
					<methods>
						<method name="&lt;init&gt;" signature="()V" line-rate="1.0" branch-rate="1.0">
							<lines>
								<line number="17" hits="14" branch="false"/>
								<line number="18" hits="28" branch="false"/>
								<line number="19" hits="14" branch="false"/>
								<line number="20" hits="28" branch="false"/>
							</lines>
						</method>
						<method name="addDependency" signature="(Ljava/lang/Comparable;Ljava/lang/Comparable;)V" line-rate="1.0" branch-rate="1.0">
							<lines>
								<line number="26" hits="50" branch="false"/>
								<line number="27" hits="150" branch="false"/>
								<line number="28" hits="100" branch="false"/>
								<line number="29" hits="50" branch="true" condition-coverage="100% (2/2)">
									<conditions>
										<condition number="0" type="jump" coverage="100%"/>
									</conditions>
								</line>
								<line number="30" hits="148" branch="false"/>
								<line number="31" hits="148" branch="false"/>
								<line number="33" hits="50" branch="false"/>
							</lines>
						</method>
						<method name="addEdges" signature="(Lcom/github/dexecutor/executor/graph/Graph$Node;Lcom/github/dexecutor/executor/graph/Graph$Node;)V" line-rate="1.0" branch-rate="1.0">
							<lines>
								<line number="34" hits="100" branch="true" condition-coverage="100% (2/2)">
									<conditions>
										<condition number="0" type="jump" coverage="100%"/>
									</conditions>
								</line>
								<line number="35" hits="96" branch="false"/>
							</lines>
						</method>
						<method name="addIndependent" signature="(Ljava/lang/Comparable;)V" line-rate="1.0" branch-rate="1.0">
							<lines>
								<line number="22" hits="13" branch="false"/>
								<line number="23" hits="39" branch="false"/>
								<line number="24" hits="26" branch="false"/>
							</lines>
						</method>
						<method name="addOrGet" signature="(Ljava/lang/Comparable;)Lcom/github/dexecutor/executor/graph/Graph$Node;" line-rate="1.0" branch-rate="1.0">
							<lines>
								<line number="42" hits="226" branch="true" condition-coverage="100% (2/2)">
									<conditions>
										<condition number="0" type="jump" coverage="100%"/>
									</conditions>
								</line>
								<line number="45" hits="120" branch="false"/>
								<line number="46" hits="120" branch="false"/>
							</lines>
						</method>
						<method name="allNodes" signature="()Ljava/util/Collection;" line-rate="1.0" branch-rate="1.0">
							<lines>
								<line number="68" hits="7" branch="false"/>
							</lines>
						</method>
						<method name="createNode" signature="(Ljava/lang/Comparable;)Lcom/github/dexecutor/executor/graph/Graph$Node;" line-rate="1.0" branch-rate="1.0">
							<lines>
								<line number="47" hits="60" branch="false"/>
								<line number="48" hits="286" branch="false"/>
							</lines>
						</method>
						<method name="doAdd" signature="(Ljava/lang/Comparable;)Lcom/github/dexecutor/executor/graph/Graph$Node;" line-rate="1.0" branch-rate="1.0">
							<lines>
								<line number="36" hits="209" branch="false"/>
								<line number="37" hits="113" branch="true" condition-coverage="100% (2/2)">
									<conditions>
										<condition number="0" type="jump" coverage="100%"/>
									</conditions>
								</line>
								<line number="38" hits="153" branch="false"/>
								<line number="40" hits="60" branch="false"/>
								<line number="41" hits="286" branch="false"/>
								<line number="43" hits="219" branch="false"/>
							</lines>
						</method>
						<method name="getInitialNodes" signature="()Ljava/util/Set;" line-rate="1.0" branch-rate="1.0">
							<lines>
								<line number="52" hits="127" branch="false"/>
								<line number="53" hits="127" branch="false"/>
								<line number="54" hits="7" branch="true" condition-coverage="100% (2/2)">
									<conditions>
										<condition number="0" type="jump" coverage="100%"/>
									</conditions>
								</line>
								<line number="55" hits="39" branch="false"/>
								<line number="56" hits="39" branch="true" condition-coverage="100% (2/2)">
									<conditions>
										<condition number="0" type="jump" coverage="100%"/>
									</conditions>
								</line>
								<line number="57" hits="25" branch="false"/>
								<line number="58" hits="14" branch="false"/>
								<line number="59" hits="53" branch="true" condition-coverage="100% (2/2)">
									<conditions>
										<condition number="0" type="jump" coverage="100%"/>
									</conditions>
								</line>
								<line number="60" hits="85" branch="false"/>
								<line number="61" hits="78" branch="true" condition-coverage="100% (2/2)">
									<conditions>
										<condition number="0" type="jump" coverage="100%"/>
									</conditions>
								</line>
								<line number="62" hits="22" branch="false"/>
								<line number="65" hits="14" branch="false"/>
							</lines>
						</method>
						<method name="getLeafNodes" signature="()Ljava/util/Set;" line-rate="1.0" branch-rate="1.0">
							<lines>
								<line number="72" hits="2" branch="false"/>
								<line number="73" hits="16" branch="false"/>
								<line number="74" hits="2" branch="true" condition-coverage="100% (2/2)">
									<conditions>
										<condition number="0" type="jump" coverage="100%"/>
									</conditions>
								</line>
								<line number="75" hits="5" branch="false"/>
								<line number="76" hits="5" branch="true" condition-coverage="100% (2/2)">
									<conditions>
										<condition number="0" type="jump" coverage="100%"/>
									</conditions>
								</line>
								<line number="77" hits="7" branch="false"/>
								<line number="78" hits="4" branch="false"/>
								<line number="79" hits="9" branch="true" condition-coverage="100% (2/2)">
									<conditions>
										<condition number="0" type="jump" coverage="100%"/>
									</conditions>
								</line>
								<line number="80" hits="12" branch="false"/>
								<line number="81" hits="10" branch="true" condition-coverage="100% (2/2)">
									<conditions>
										<condition number="0" type="jump" coverage="100%"/>
									</conditions>
								</line>
								<line number="82" hits="6" branch="false"/>
								<line number="84" hits="10" branch="false"/>
								<line number="85" hits="4" branch="false"/>
							</lines>
						</method>
						<method name="size" signature="()I" line-rate="1.0" branch-rate="1.0">
							<lines>
								<line number="64" hits="93" branch="false"/>
								<line number="69" hits="30" branch="false"/>
							</lines>
						</method>
					</methods>
					<lines>
						<line number="17" hits="14" branch="false"/>
						<line number="18" hits="28" branch="false"/>
						<line number="19" hits="14" branch="false"/>
						<line number="20" hits="28" branch="false"/>
						<line number="22" hits="13" branch="false"/>
						<line number="23" hits="39" branch="false"/>
						<line number="24" hits="26" branch="false"/>
						<line number="26" hits="50" branch="false"/>
						<line number="27" hits="150" branch="false"/>
						<line number="28" hits="100" branch="false"/>
						<line number="29" hits="50" branch="true" condition-coverage="100% (2/2)">
							<conditions>
								<condition number="0" type="jump" coverage="100%"/>
							</conditions>
						</line>
						<line number="30" hits="148" branch="false"/>
						<line number="31" hits="148" branch="false"/>
						<line number="33" hits="50" branch="false"/>
						<line number="34" hits="100" branch="true" condition-coverage="100% (2/2)">
							<conditions>
								<condition number="0" type="jump" coverage="100%"/>
							</conditions>
						</line>
						<line number="35" hits="96" branch="false"/>
						<line number="36" hits="209" branch="false"/>
						<line number="37" hits="113" branch="true" condition-coverage="100% (2/2)">
							<conditions>
								<condition number="0" type="jump" coverage="100%"/>
							</conditions>
						</line>
						<line number="38" hits="153" branch="false"/>
						<line number="40" hits="60" branch="false"/>
						<line number="41" hits="286" branch="false"/>
						<line number="42" hits="226" branch="true" condition-coverage="100% (2/2)">
							<conditions>
								<condition number="0" type="jump" coverage="100%"/>
							</conditions>
						</line>
						<line number="43" hits="219" branch="false"/>
						<line number="45" hits="120" branch="false"/>
						<line number="46" hits="120" branch="false"/>
						<line number="47" hits="60" branch="false"/>
						<line number="48" hits="286" branch="false"/>
						<line number="52" hits="127" branch="false"/>
						<line number="53" hits="127" branch="false"/>
						<line number="54" hits="7" branch="true" condition-coverage="100% (2/2)">
							<conditions>
								<condition number="0" type="jump" coverage="100%"/>
							</conditions>
						</line>
						<line number="55" hits="39" branch="false"/>
						<line number="56" hits="39" branch="true" condition-coverage="100% (2/2)">
							<conditions>
								<condition number="0" type="jump" coverage="100%"/>
							</conditions>
						</line>
						<line number="57" hits="25" branch="false"/>
						<line number="58" hits="14" branch="false"/>
						<line number="59" hits="53" branch="true" condition-coverage="100% (2/2)">
							<conditions>
								<condition number="0" type="jump" coverage="100%"/>
							</conditions>
						</line>
						<line number="60" hits="85" branch="false"/>
						<line number="61" hits="78" branch="true" condition-coverage="100% (2/2)">
							<conditions>
								<condition number="0" type="jump" coverage="100%"/>
							</conditions>
						</line>
						<line number="62" hits="22" branch="false"/>
						<line number="64" hits="93" branch="false"/>
						<line number="65" hits="14" branch="false"/>
						<line number="68" hits="7" branch="false"/>
						<line number="69" hits="30" branch="false"/>
						<line number="72" hits="2" branch="false"/>
						<line number="73" hits="16" branch="false"/>
						<line number="74" hits="2" branch="true" condition-coverage="100% (2/2)">
							<conditions>
								<condition number="0" type="jump" coverage="100%"/>
							</conditions>
						</line>
						<line number="75" hits="5" branch="false"/>
						<line number="76" hits="5" branch="true" condition-coverage="100% (2/2)">
							<conditions>
								<condition number="0" type="jump" coverage="100%"/>
							</conditions>
						</line>
						<line number="77" hits="7" branch="false"/>
						<line number="78" hits="4" branch="false"/>
						<line number="79" hits="9" branch="true" condition-coverage="100% (2/2)">
							<conditions>
								<condition number="0" type="jump" coverage="100%"/>
							</conditions>
						</line>
						<line number="80" hits="12" branch="false"/>
						<line number="81" hits="10" branch="true" condition-coverage="100% (2/2)">
							<conditions>
								<condition number="0" type="jump" coverage="100%"/>
							</conditions>
						</line>
						<line number="82" hits="6" branch="false"/>
						<line number="84" hits="10" branch="false"/>
						<line number="85" hits="4" branch="false"/>
					</lines>
				</class>
				<class name="com.github.dexecutor.executor.graph.Graph" filename="com/github/dexecutor/executor/graph/Graph.java" line-rate="1.0" branch-rate="1.0" complexity="1.4">
					<methods>
					</methods>
					<lines>
					</lines>
				</class>
				<class name="com.github.dexecutor.executor.graph.Graph$Node" filename="com/github/dexecutor/executor/graph/Graph.java" line-rate="0.8888888888888888" branch-rate="0.75" complexity="1.4">
					<methods>
						<method name="&lt;init&gt;" signature="(Ljava/lang/Object;)V" line-rate="1.0" branch-rate="1.0">
							<lines>
								<line number="65" hits="85" branch="false"/>
								<line number="69" hits="85" branch="false"/>
								<line number="74" hits="255" branch="false"/>
								<line number="75" hits="85" branch="false"/>
								<line number="76" hits="85" branch="false"/>
								<line number="78" hits="170" branch="false"/>
								<line number="84" hits="170" branch="false"/>
[...]
							</conditions>
						</line>
						<line number="118" hits="110" branch="false"/>
						<line number="119" hits="296" branch="false"/>
						<line number="123" hits="734" branch="true" condition-coverage="100% (2/2)">
							<conditions>
								<condition number="0" type="jump" coverage="100%"/>
							</conditions>
						</line>
						<line number="124" hits="107" branch="false"/>
						<line number="126" hits="593" branch="true" condition-coverage="75% (3/4)">
							<conditions>
								<condition number="0" type="jump" coverage="100%"/>
								<condition number="1" type="jump" coverage="50%"/>
							</conditions>
						</line>
						<line number="127" hits="53" branch="false"/>
						<line number="128" hits="52" branch="false"/>
						<line number="130" hits="592" branch="false"/>
						<line number="131" hits="34" branch="false"/>
						<line number="132" hits="592" branch="false"/>
						<line number="135" hits="0" branch="false"/>
						<line number="137" hits="5" branch="false"/>
						<line number="139" hits="0" branch="false"/>
						<line number="143" hits="42" branch="false"/>
						<line number="144" hits="42" branch="false"/>
						<line number="147" hits="0" branch="false"/>
						<line number="148" hits="0" branch="false"/>
						<line number="151" hits="0" branch="false"/>
						<line number="152" hits="0" branch="false"/>
						<line number="156" hits="220" branch="false"/>
						<line number="157" hits="220" branch="false"/>
						<line number="158" hits="220" branch="true" condition-coverage="50% (1/2)">
							<conditions>
								<condition number="0" type="jump" coverage="50%"/>
							</conditions>
						</line>
						<line number="159" hits="220" branch="false"/>
						<line number="164" hits="1400" branch="true" condition-coverage="100% (2/2)">
							<conditions>
								<condition number="0" type="jump" coverage="100%"/>
							</conditions>
						</line>
						<line number="165" hits="214" branch="false"/>
						<line number="167" hits="1186" branch="true" condition-coverage="75% (3/4)">
							<conditions>
								<condition number="0" type="jump" coverage="100%"/>
								<condition number="1" type="jump" coverage="50%"/>
							</conditions>
						</line>
						<line number="168" hits="2" branch="false"/>
						<line number="171" hits="1184" branch="false"/>
						<line number="173" hits="1184" branch="false"/>
						<line number="178" hits="56" branch="false"/>
					</lines>
				</class>
				<class name="com.github.dexecutor.executor.graph.Graph$NodeStatus" filename="com/github/dexecutor/executor/graph/Graph.java" line-rate="1.0" branch-rate="1.0" complexity="1.4">
					<methods>
						<method name="&lt;clinit&gt;" signature="()V" line-rate="1.0" branch-rate="1.0">
							<lines>
								<line number="187" hits="8" branch="false"/>
								<line number="188" hits="2" branch="false"/>
							</lines>
						</method>
						<method name="&lt;init&gt;" signature="(Ljava/lang/String;I)V" line-rate="1.0" branch-rate="1.0">
							<lines>
							</lines>
						</method>
						<method name="valueOf" signature="(Ljava/lang/String;)Lcom/github/dexecutor/executor/graph/Graph$NodeStatus;" line-rate="1.0" branch-rate="1.0">
							<lines>
							</lines>
						</method>
						<method name="values" signature="()[Lcom/github/dexecutor/executor/graph/Graph$NodeStatus;" line-rate="1.0" branch-rate="1.0">
							<lines>
							</lines>
						</method>
					</methods>
					<lines>
						<line number="187" hits="8" branch="false"/>
						<line number="188" hits="2" branch="false"/>
					</lines>
				</class>
				<class name="com.github.dexecutor.executor.graph.LevelOrderTraversar" filename="com/github/dexecutor/executor/graph/LevelOrderTraversar.java" line-rate="0.9666666666666667" branch-rate="0.85" complexity="4.25">
					<methods>
						<method name="&lt;init&gt;" signature="()V" line-rate="1.0" branch-rate="1.0">
							<lines>
								<line number="20" hits="9" branch="false"/>
								<line number="21" hits="18" branch="false"/>
								<line number="22" hits="9" branch="false"/>
								<line number="23" hits="18" branch="false"/>
							</lines>
						</method>
						<method name="doTraverse" signature="(Ljava/util/List;Lcom/github/dexecutor/executor/graph/Graph$Node;)V" line-rate="1.0" branch-rate="0.75">
							<lines>
								<line number="50" hits="1" branch="false"/>
								<line number="51" hits="3" branch="false"/>
								<line number="52" hits="5" branch="true" condition-coverage="100% (2/2)">
									<conditions>
										<condition number="0" type="jump" coverage="100%"/>
									</conditions>
								</line>
								<line number="53" hits="8" branch="true" condition-coverage="100% (2/2)">
									<conditions>
										<condition number="0" type="jump" coverage="100%"/>
									</conditions>
								</line>
								<line number="54" hits="6" branch="false"/>
								<line number="55" hits="8" branch="true" condition-coverage="100% (2/2)">
									<conditions>
										<condition number="0" type="jump" coverage="100%"/>
									</conditions>
								</line>
								<line number="56" hits="10" branch="true" condition-coverage="100% (2/2)">
									<conditions>
										<condition number="0" type="jump" coverage="100%"/>
									</conditions>
								</line>
								<line number="57" hits="6" branch="true" condition-coverage="50% (1/2)">
									<conditions>
										<condition number="0" type="jump" coverage="50%"/>
									</conditions>
								</line>
								<line number="58" hits="6" branch="true" condition-coverage="50% (1/2)">
									<conditions>
										<condition number="0" type="jump" coverage="50%"/>
									</conditions>
								</line>
								<line number="59" hits="6" branch="true" condition-coverage="50% (1/2)">
									<conditions>
										<condition number="0" type="jump" coverage="50%"/>
									</conditions>
								</line>
								<line number="60" hits="4" branch="false"/>
								<line number="61" hits="2" branch="false"/>
								<line number="62" hits="6" branch="true" condition-coverage="100% (2/2)">
									<conditions>
										<condition number="0" type="jump" coverage="100%"/>
									</conditions>
								</line>
								<line number="63" hits="5" branch="true" condition-coverage="75% (3/4)">
									<conditions>
										<condition number="0" type="jump" coverage="100%"/>
										<condition number="1" type="jump" coverage="50%"/>
									</conditions>
								</line>
								<line number="64" hits="3" branch="true" condition-coverage="50% (2/4)">
									<conditions>
										<condition number="0" type="jump" coverage="50%"/>
										<condition number="1" type="jump" coverage="50%"/>
									</conditions>
								</line>
								<line number="65" hits="2" branch="false"/>
								<line number="66" hits="1" branch="false"/>
								<line number="67" hits="2" branch="false"/>
								<line number="70" hits="2" branch="false"/>
								<line number="71" hits="6" branch="false"/>
								<line number="72" hits="5" branch="false"/>
								<line number="73" hits="2" branch="false"/>
							</lines>
						</method>
						<method name="printGraph" signature="(Ljava/util/List;Ljava/io/Writer;)V" line-rate="0.9166666666666666" branch-rate="1.0">
							<lines>
								<line number="75" hits="1" branch="true" condition-coverage="100% (2/2)">
									<conditions>
										<condition number="0" type="jump" coverage="100%"/>
									</conditions>
								</line>
								<line number="76" hits="2" branch="true" condition-coverage="100% (2/2)">
									<conditions>
										<condition number="0" type="jump" coverage="100%"/>
									</conditions>
								</line>
								<line number="77" hits="2" branch="true" condition-coverage="100% (2/2)">
									<conditions>
										<condition number="0" type="jump" coverage="100%"/>
									</conditions>
								</line>
								<line number="78" hits="6" branch="true" condition-coverage="100% (2/2)">
									<conditions>
										<condition number="0" type="jump" coverage="100%"/>
									</conditions>
								</line>
								<line number="79" hits="6" branch="false"/>
								<line number="80" hits="6" branch="false"/>
								<line number="81" hits="4" branch="false"/>
								<line number="82" hits="0" branch="false"/>
								<line number="83" hits="2" branch="false"/>
								<line number="84" hits="6" branch="false"/>
								<line number="85" hits="5" branch="false"/>
								<line number="86" hits="2" branch="false"/>
							</lines>
						</method>
						<method name="traverse" signature="(Lcom/github/dexecutor/executor/graph/Graph;Ljava/io/Writer;)V" line-rate="0.9230769230769231" branch-rate="1.0">
							<lines>
								<line number="25" hits="1" branch="false"/>
								<line number="26" hits="3" branch="false"/>
								<line number="27" hits="3" branch="true" condition-coverage="100% (2/2)">
									<conditions>
										<condition number="0" type="jump" coverage="100%"/>
									</conditions>
								</line>
								<line number="28" hits="2" branch="true" condition-coverage="100% (2/2)">
									<conditions>
										<condition number="0" type="jump" coverage="100%"/>
									</conditions>
								</line>
								<line number="29" hits="1" branch="false"/>
								<line number="30" hits="3" branch="false"/>
								<line number="31" hits="3" branch="false"/>
								<line number="32" hits="2" branch="false"/>
								<line number="33" hits="0" branch="false"/>
								<line number="34" hits="1" branch="false"/>
								<line number="35" hits="3" branch="false"/>
								<line number="36" hits="3" branch="false"/>
								<line number="37" hits="2" branch="false"/>
							</lines>
						</method>
						<method name="traverseLevelOrder" signature="(Lcom/github/dexecutor/executor/graph/Graph;)Ljava/util/List;" line-rate="1.0" branch-rate="1.0">
							<lines>
								<line number="39" hits="1" branch="false"/>
								<line number="40" hits="3" branch="false"/>
								<line number="41" hits="3" branch="true" condition-coverage="100% (2/2)">
									<conditions>
										<condition number="0" type="jump" coverage="100%"/>
									</conditions>
								</line>
								<line number="42" hits="3" branch="true" condition-coverage="100% (2/2)">
									<conditions>
										<condition number="0" type="jump" coverage="100%"/>
									</conditions>
								</line>
								<line number="43" hits="3" branch="false"/>
								<line number="44" hits="3" branch="false"/>
								<line number="45" hits="3" branch="false"/>
								<line number="46" hits="3" branch="false"/>
								<line number="47" hits="2" branch="false"/>
							</lines>
						</method>
					</methods>
					<lines>
						<line number="20" hits="9" branch="false"/>
						<line number="21" hits="18" branch="false"/>
						<line number="22" hits="9" branch="false"/>
						<line number="23" hits="18" branch="false"/>
						<line number="25" hits="1" branch="false"/>
						<line number="26" hits="3" branch="false"/>
						<line number="27" hits="3" branch="true" condition-coverage="100% (2/2)">
							<conditions>
								<condition number="0" type="jump" coverage="100%"/>
							</conditions>
						</line>
						<line number="28" hits="2" branch="true" condition-coverage="100% (2/2)">
							<conditions>
								<condition number="0" type="jump" coverage="100%"/>
							</conditions>
						</line>
						<line number="29" hits="1" branch="false"/>
						<line number="30" hits="3" branch="false"/>
						<line number="31" hits="3" branch="false"/>
						<line number="32" hits="2" branch="false"/>
						<line number="33" hits="0" branch="false"/>
						<line number="34" hits="1" branch="false"/>
						<line number="35" hits="3" branch="false"/>
						<line number="36" hits="3" branch="false"/>
						<line number="37" hits="2" branch="false"/>
						<line number="39" hits="1" branch="false"/>
						<line number="40" hits="3" branch="false"/>
						<line number="41" hits="3" branch="true" condition-coverage="100% (2/2)">
							<conditions>
								<condition number="0" type="jump" coverage="100%"/>
							</conditions>
						</line>
						<line number="42" hits="3" branch="true" condition-coverage="100% (2/2)">
							<conditions>
								<condition number="0" type="jump" coverage="100%"/>
							</conditions>
						</line>
						<line number="43" hits="3" branch="false"/>
						<line number="44" hits="3" branch="false"/>
						<line number="45" hits="3" branch="false"/>
						<line number="46" hits="3" branch="false"/>
						<line number="47" hits="2" branch="false"/>
						<line number="50" hits="1" branch="false"/>
						<line number="51" hits="3" branch="false"/>
						<line number="52" hits="5" branch="true" condition-coverage="100% (2/2)">
							<conditions>
								<condition number="0" type="jump" coverage="100%"/>
							</conditions>
						</line>
						<line number="53" hits="8" branch="true" condition-coverage="100% (2/2)">
							<conditions>
								<condition number="0" type="jump" coverage="100%"/>
							</conditions>
						</line>
						<line number="54" hits="6" branch="false"/>
						<line number="55" hits="8" branch="true" condition-coverage="100% (2/2)">
							<conditions>
								<condition number="0" type="jump" coverage="100%"/>
							</conditions>
						</line>
						<line number="56" hits="10" branch="true" condition-coverage="100% (2/2)">
							<conditions>
								<condition number="0" type="jump" coverage="100%"/>
							</conditions>
						</line>
						<line number="57" hits="6" branch="true" condition-coverage="50% (1/2)">
							<conditions>
								<condition number="0" type="jump" coverage="50%"/>
							</conditions>
						</line>
						<line number="58" hits="6" branch="true" condition-coverage="50% (1/2)">
							<conditions>
								<condition number="0" type="jump" coverage="50%"/>
							</conditions>
						</line>
						<line number="59" hits="6" branch="true" condition-coverage="50% (1/2)">
							<conditions>
								<condition number="0" type="jump" coverage="50%"/>
							</conditions>
						</line>
						<line number="60" hits="4" branch="false"/>
						<line number="61" hits="2" branch="false"/>
						<line number="62" hits="6" branch="true" condition-coverage="100% (2/2)">
							<conditions>
								<condition number="0" type="jump" coverage="100%"/>
							</conditions>
						</line>
						<line number="63" hits="5" branch="true" condition-coverage="75% (3/4)">
							<conditions>
								<condition number="0" type="jump" coverage="100%"/>
								<condition number="1" type="jump" coverage="50%"/>
							</conditions>
						</line>
						<line number="64" hits="3" branch="true" condition-coverage="50% (2/4)">
							<conditions>
								<condition number="0" type="jump" coverage="50%"/>
								<condition number="1" type="jump" coverage="50%"/>
							</conditions>
						</line>
						<line number="65" hits="2" branch="false"/>
						<line number="66" hits="1" branch="false"/>
						<line number="67" hits="2" branch="false"/>
						<line number="70" hits="2" branch="false"/>
						<line number="71" hits="6" branch="false"/>
						<line number="72" hits="5" branch="false"/>
						<line number="73" hits="2" branch="false"/>
						<line number="75" hits="1" branch="true" condition-coverage="100% (2/2)">
							<conditions>
								<condition number="0" type="jump" coverage="100%"/>
							</conditions>
						</line>
						<line number="76" hits="2" branch="true" condition-coverage="100% (2/2)">
							<conditions>
								<condition number="0" type="jump" coverage="100%"/>
							</conditions>
						</line>
						<line number="77" hits="2" branch="true" condition-coverage="100% (2/2)">
							<conditions>
								<condition number="0" type="jump" coverage="100%"/>
							</conditions>
						</line>
						<line number="78" hits="6" branch="true" condition-coverage="100% (2/2)">
							<conditions>
								<condition number="0" type="jump" coverage="100%"/>
							</conditions>
						</line>
						<line number="79" hits="6" branch="false"/>
						<line number="80" hits="6" branch="false"/>
						<line number="81" hits="4" branch="false"/>
						<line number="82" hits="0" branch="false"/>
						<line number="83" hits="2" branch="false"/>
						<line number="84" hits="6" branch="false"/>
						<line number="85" hits="5" branch="false"/>
						<line number="86" hits="2" branch="false"/>
					</lines>
				</class>
				<class name="com.github.dexecutor.executor.graph.Traversar" filename="com/github/dexecutor/executor/graph/Traversar.java" line-rate="1.0" branch-rate="1.0" complexity="1.0">
					<methods>
					</methods>
					<lines>
					</lines>
				</class>
				<class name="com.github.dexecutor.executor.graph.Validator" filename="com/github/dexecutor/executor/graph/Validator.java" line-rate="1.0" branch-rate="1.0" complexity="1.0">
					<methods>
					</methods>
					<lines>
					</lines>
				</class>
			</classes>
		</package>
		<package name="com.github.dexecutor.executor.support" line-rate="0.6666666666666666" branch-rate="1.0" complexity="1.4">
			<classes>
				<class name="com.github.dexecutor.executor.support.Preconditions" filename="com/github/dexecutor/executor/support/Preconditions.java" line-rate="0.6" branch-rate="1.0" complexity="2.0">
					<methods>
						<method name="&lt;init&gt;" signature="()V" line-rate="0.0" branch-rate="1.0">
							<lines>
								<line number="11" hits="0" branch="false"/>
								<line number="13" hits="0" branch="false"/>
							</lines>
						</method>
						<method name="checkNotNull" signature="(Ljava/lang/Object;Ljava/lang/String;)V" line-rate="1.0" branch-rate="1.0">
							<lines>
								<line number="22" hits="111" branch="true" condition-coverage="100% (2/2)">
									<conditions>
										<condition number="0" type="jump" coverage="100%"/>
									</conditions>
								</line>
								<line number="23" hits="9" branch="false"/>
								<line number="25" hits="102" branch="false"/>
							</lines>
						</method>
					</methods>
					<lines>
						<line number="11" hits="0" branch="false"/>
						<line number="13" hits="0" branch="false"/>
						<line number="22" hits="111" branch="true" condition-coverage="100% (2/2)">
							<conditions>
								<condition number="0" type="jump" coverage="100%"/>
							</conditions>
						</line>
						<line number="23" hits="9" branch="false"/>
						<line number="25" hits="102" branch="false"/>
					</lines>
				</class>
				<class name="com.github.dexecutor.executor.support.ThreadPoolUtil" filename="com/github/dexecutor/executor/support/ThreadPoolUtil.java" line-rate="0.7142857142857143" branch-rate="1.0" complexity="1.0">
					<methods>
						<method name="&lt;init&gt;" signature="()V" line-rate="0.0" branch-rate="1.0">
							<lines>
								<line number="10" hits="0" branch="false"/>
								<line number="12" hits="0" branch="false"/>
							</lines>
						</method>
						<method name="ioIntesivePoolSize" signature="()I" line-rate="1.0" branch-rate="1.0">
							<lines>
								<line number="20" hits="24" branch="false"/>
								<line number="21" hits="24" branch="false"/>
							</lines>
						</method>
						<method name="poolSize" signature="(D)I" line-rate="1.0" branch-rate="1.0">
							<lines>
								<line number="36" hits="24" branch="false"/>
								<line number="37" hits="24" branch="false"/>
								<line number="38" hits="24" branch="false"/>
							</lines>
						</method>
					</methods>
					<lines>
						<line number="10" hits="0" branch="false"/>
						<line number="12" hits="0" branch="false"/>
						<line number="20" hits="24" branch="false"/>
						<line number="21" hits="24" branch="false"/>
						<line number="36" hits="24" branch="false"/>
						<line number="37" hits="24" branch="false"/>
						<line number="38" hits="24" branch="false"/>
					</lines>
				</class>
			</classes>
		</package>
	</packages>
</coverage>
