GROUP,PACKAGE,CLASS,INSTRUCTION_MISSED,INSTRUCTION_COVERED,BRANCH_MISSED,BRANCH_COVERED,LINE_MISSED,LINE_COVERED,COMPLEXITY_MISSED,COMPLEXITY_COVERED,METHOD_MISSED,METHOD_COVERED
Dependent Tasks Executor Core,com.github.dexecutor.core.graph,DefaultDag,0,143,0,12,0,36,0,16,0,10
Dependent Tasks Executor Core,com.github.dexecutor.core.graph,Node.NodeStatus,9,39,0,0,0,2,2,2,2,2
Dependent Tasks Executor Core,com.github.dexecutor.core.graph,CyclicValidator,0,103,0,8,0,23,0,11,0,7
Dependent Tasks Executor Core,com.github.dexecutor.core.graph,Node,2,115,2,6,0,35,2,19,0,17
Dependent Tasks Executor Core,com.github.dexecutor.core.graph,LevelOrderTraversar,6,197,4,18,4,45,4,12,0,5
Dependent Tasks Executor Core,com.github.dexecutor.core.support,ThreadPoolUtil,3,18,0,0,2,5,1,2,1,2
Dependent Tasks Executor Core,com.github.dexecutor.core.support,Preconditions,3,8,0,2,2,3,1,2,1,1
Dependent Tasks Executor Core,com.github.dexecutor.core,ExecutorTask,26,111,5,5,5,27,4,10,0,9
Dependent Tasks Executor Core,com.github.dexecutor.core,NonTerminatingTask,17,36,0,0,3,10,0,3,0,3
Dependent Tasks Executor Core,com.github.dexecutor.core,DependentTasksExecutor.ExecutionBehavior,9,39,0,0,0,2,2,2,2,2
Dependent Tasks Executor Core,com.github.dexecutor.core,DependentTasksExecutorConfig,19,65,0,0,4,21,1,8,1,8
Dependent Tasks Executor Core,com.github.dexecutor.core,TerminatingTask,0,35,0,0,0,9,0,2,0,2
Dependent Tasks Executor Core,com.github.dexecutor.core,DefaultExecutionEngine,17,15,0,0,4,5,4,1,4,1
Dependent Tasks Executor Core,com.github.dexecutor.core,WorkerFactory,3,26,0,4,1,5,1,3,1,1
Dependent Tasks Executor Core,com.github.dexecutor.core,ExecutionResult,0,55,0,0,0,11,0,7,0,7
Dependent Tasks Executor Core,com.github.dexecutor.core,TaskExecutionException,0,9,0,0,0,4,0,2,0,2
Dependent Tasks Executor Core,com.github.dexecutor.core,DefaultDependentTasksExecutor,0,295,2,22,0,71,2,27,0,17
Dependent Tasks Executor Core,com.github.dexecutor.core,TaskProvider.Task,0,15,0,0,0,6,0,4,0,4
Dependent Tasks Executor Core,com.github.dexecutor.core,RetryOnceAndTerminateTask,22,36,0,0,4,10,0,3,0,3
Dependent Tasks Executor Core,com.github.dexecutor.core,ExecutionResults,0,44,0,4,0,12,0,8,0,6
Dependent Tasks Executor Core,com.github.dexecutor.core,ExecutionStatus,9,39,0,0,0,2,2,2,2,2
